<?xml version="1.0" encoding="UTF-8"?>
<!-- Generated by org.testng.reporters.JUnitReportReporter -->
<testsuite hostname="LAPTOP-QDOHP8LB" failures="0" tests="1" name="com.Vtiger.genericUtil.BaseClass" time="7.511" errors="0" timestamp="2021-12-02T13:00:17 IST" skipped="0">
  <testcase classname="com.Vtiger.genericUtil.BaseClass" name="xyz" time="7.511"/>
  <system-out/>
</testsuite> <!-- com.Vtiger.genericUtil.BaseClass -->
