<?xml version="1.0" encoding="UTF-8"?>
<!-- Generated by org.testng.reporters.JUnitReportReporter -->
<testsuite hostname="LAPTOP-QDOHP8LB" failures="0" tests="2" name="com.Vtiger.TC.TC001_Createorganisationtest" time="59.368" errors="0" timestamp="2021-12-16T11:25:18 IST" skipped="0">
  <testcase classname="com.Vtiger.TC.TC001_Createorganisationtest" name="createOrganisationLink" time="28.684"/>
  <system-out/>
  <testcase classname="com.Vtiger.TC.TC001_Createorganisationtest" name="createorganisationphonenumber" time="30.684"/>
  <system-out/>
</testsuite> <!-- com.Vtiger.TC.TC001_Createorganisationtest -->
