<?xml version="1.0" encoding="UTF-8"?>
<!-- Generated by org.testng.reporters.JUnitReportReporter -->
<testsuite hostname="LAPTOP-QDOHP8LB" failures="0" tests="1" name="com.Vtiger.TC.TC_002_CreateOrganisationdropdowntest" time="36.147" errors="0" timestamp="2021-12-13T10:28:00 IST" skipped="0">
  <testcase classname="com.Vtiger.TC.TC_002_CreateOrganisationdropdowntest" name="createOrganisationDropdown" time="36.147"/>
  <system-out/>
</testsuite> <!-- com.Vtiger.TC.TC_002_CreateOrganisationdropdowntest -->
