<?xml version="1.0" encoding="UTF-8"?>
<!-- Generated by org.testng.reporters.JUnitReportReporter -->
<testsuite hostname="LAPTOP-QDOHP8LB" failures="0" tests="1" name="com.Vtiger.TC.TC003_Createorganisationtest" time="29.527" errors="0" timestamp="2021-12-07T10:44:58 IST" skipped="0">
  <testcase classname="com.Vtiger.TC.TC003_Createorganisationtest" name="createcontactslink" time="29.527"/>
  <system-out/>
</testsuite> <!-- com.Vtiger.TC.TC003_Createorganisationtest -->
