<?xml version="1.0" encoding="UTF-8"?>
<!-- Generated by org.testng.reporters.JUnitReportReporter -->
<testsuite hostname="LAPTOP-QDOHP8LB" failures="0" tests="1" name="com.Vtiger.genericUtil.basicclass" time="15.579" errors="0" timestamp="2021-12-10T13:03:32 IST" skipped="0">
  <testcase classname="com.Vtiger.genericUtil.basicclass" name="cmdlineparameter" time="15.579"/>
  <system-out/>
</testsuite> <!-- com.Vtiger.genericUtil.basicclass -->
