<?xml version="1.0" encoding="UTF-8"?>
<!-- Generated by org.testng.reporters.JUnitReportReporter -->
<testsuite hostname="LAPTOP-QDOHP8LB" failures="0" tests="1" name="com.Vtiger.TC.TC003_Createorganisation" time="36.155" errors="0" timestamp="2021-12-16T15:29:03 IST" skipped="0">
  <testcase classname="com.Vtiger.TC.TC003_Createorganisation" name="createContacts" time="36.155"/>
  <system-out/>
</testsuite> <!-- com.Vtiger.TC.TC003_Createorganisation -->
