<?xml version="1.0" encoding="UTF-8"?>
<!-- Generated by org.testng.reporters.JUnitReportReporter -->
<testsuite hostname="LAPTOP-QDOHP8LB" failures="0" tests="1" name="com.Vtiger.TC.TC_002" time="39.872" errors="0" timestamp="2021-12-13T05:19:42 IST" skipped="0">
  <testcase classname="com.Vtiger.TC.TC_002" name="createOrganisationDropdown" time="39.872"/>
  <system-out/>
</testsuite> <!-- com.Vtiger.TC.TC_002 -->
