<?xml version="1.0" encoding="UTF-8"?>
<!-- Generated by org.testng.reporters.JUnitReportReporter -->
<testsuite hostname="LAPTOP-QDOHP8LB" failures="0" tests="1" name="com.Vtiger.TC.TC_001$TC001_Createorganisationtest" time="38.607" errors="0" timestamp="2021-12-13T04:10:04 IST" skipped="0">
  <testcase classname="com.Vtiger.TC.TC_001$TC001_Createorganisationtest" name="createOrganisationLink" time="38.607"/>
  <system-out/>
</testsuite> <!-- com.Vtiger.TC.TC_001$TC001_Createorganisationtest -->
